============================================================
  Generated by:           Genus(TM) Synthesis Solution 16.13-s036_1
  Generated on:           Mar 10 2026  09:43:46 pm
  Module:                 gated
  Technology library:     slow_vdd1v0 1.0
  Operating conditions:   PVT_0P9V_125C (balanced_tree)
  Wireload mode:          enclosed
  Area mode:              timing library
============================================================

                  Pin                           Type      Fanout Load Slew Delay Arrival   
                                                                 (fF) (ps)  (ps)   (ps)    
-------------------------------------------------------------------------------------------
(clock func_clk)                               launch                                  0 R 
gated_operandB_reg[0]/CK                                                 0             0 R 
gated_operandB_reg[0]/Q                        DFFRX1         28  9.8  255  +336     336 F 
div_59_76/B[0] 
  g22238/A                                                                    +0     336   
  g22238/Y                                     NAND2XL         2  0.6   76  +183     519 R 
  g22130/A                                                                    +0     519   
  g22130/Y                                     NAND2X1         2  0.5   67   +95     614 F 
  g22110/B                                                                    +0     614   
  g22110/Y                                     NAND2BX1        2  0.8   40   +58     672 R 
  g22099/A1                                                                   +0     672   
  g22099/Y                                     OAI211X1        2  0.7  156  +138     810 F 
  g22092/B                                                                    +0     810   
  g22092/Y                                     NAND2BX1        2  0.8   55  +109     919 R 
  g22085/A1                                                                   +0     919   
  g22085/Y                                     OAI22X1         2  0.7  115  +118    1037 F 
  g22076/B                                                                    +0    1037   
  g22076/Y                                     NAND2X1         2  0.8   48   +86    1123 R 
  g22070/A1                                                                   +0    1123   
  g22070/Y                                     OAI211X1        3  1.1  187  +160    1283 F 
  g22060/B                                                                    +0    1283   
  g22060/Y                                     NAND2X1         2  0.6   56  +125    1408 R 
  g22055/B                                                                    +0    1408   
  g22055/Y                                     OR2XL           1  0.2   19   +72    1480 R 
  g22046/A1                                                                   +0    1480   
  g22046/Y                                     AOI211XL        1  0.2   98   +97    1576 F 
  g22044/AN                                                                   +0    1576   
  g22044/Y                                     NAND3BXL        2  0.6  170  +201    1778 F 
  g22041/AN                                                                   +0    1778   
  g22041/Y                                     NOR2BX1         2  0.6   46  +133    1910 F 
  g22038/B1                                                                   +0    1910   
  g22038/Y                                     AOI221X1        2  0.8  128  +134    2045 R 
  g22034/B                                                                    +0    2045   
  g22034/Y                                     XNOR2X1         4  1.6   51  +184    2228 R 
  g22033/D                                                                    +0    2228   
  g22033/Y                                     NAND4BX1        2  0.5  182  +146    2375 F 
  g22032/D                                                                    +0    2375   
  g22032/Y                                     OR4X1           2  0.5   48  +276    2651 F 
  g22029/C                                                                    +0    2651   
  g22029/Y                                     OR3XL           3  0.9   58  +155    2806 F 
  g22026/B                                                                    +0    2806   
  g22026/Y                                     NAND2BX1        3  1.0   43   +56    2862 R 
  g22018/A1                                                                   +0    2862   
  g22018/Y                                     AOI22X1         4  1.8  178  +147    3008 F 
  g22004/CI                                                                   +0    3008   
  g22004/CO                                    ADDFX1          1  0.5   40  +235    3243 F 
  g22001/CI                                                                   +0    3243   
  g22001/CO                                    ADDFX1          1  0.5   40  +170    3414 F 
  g21995/CI                                                                   +0    3414   
  g21995/CO                                    ADDFX1          1  0.4   38  +169    3582 F 
  g21994/B0                                                                   +0    3582   
  g21994/Y                                     OAI2BB1X1       1  0.4   30   +41    3623 R 
  g21993/C0                                                                   +0    3623   
  g21993/Y                                     OAI211X1        3  0.8  163  +137    3760 F 
  g21990/A                                                                    +0    3760   
  g21990/Y                                     OR2X1           5  1.5   54  +189    3949 F 
  g21983/B                                                                    +0    3949   
  g21983/Y                                     NAND2X1         3  1.0   76   +53    4002 R 
  g21979/B                                                                    +0    4002   
  g21979/Y                                     NAND2X1         1  0.3   65   +80    4082 F 
  g21971/B1                                                                   +0    4082   
  g21971/Y                                     AOI22X1         4  2.2  156  +124    4207 R 
  g21946/CI                                                                   +0    4207   
  g21946/CO                                    ADDFX1          1  0.6   39  +246    4452 R 
  g21943/CI                                                                   +0    4452   
  g21943/CO                                    ADDFX1          1  0.6   39  +186    4639 R 
  g21932/CI                                                                   +0    4639   
  g21932/CO                                    ADDFX1          1  0.6   39  +186    4825 R 
  g21925/CI                                                                   +0    4825   
  g21925/CO                                    ADDFX1          2  0.6   39  +186    5011 R 
  g21921/A1N                                                                  +0    5011   
  g21921/Y                                     OAI2BB1X1       1  0.4   37  +129    5140 R 
  g21918/B0                                                                   +0    5140   
  g21918/Y                                     OAI21X1         1  0.2   70   +73    5213 F 
  g21917/A                                                                    +0    5213   
  g21917/Y                                     AND2X1          8  3.0   88  +120    5333 F 
  g21916/A                                                                    +0    5333   
  g21916/Y                                     INVX1           2  0.8   38   +67    5400 R 
  g21915/B                                                                    +0    5400   
  g21915/Y                                     NOR2X1          3  0.9   50   +47    5448 F 
  g21905/B                                                                    +0    5448   
  g21905/Y                                     NAND2X1         1  0.4   66   +44    5492 R 
  g21894/B1                                                                   +0    5492   
  g21894/Y                                     AOI22X1         4  1.9  184  +127    5619 F 
  g21890/CI                                                                   +0    5619   
  g21890/CO                                    ADDFX1          1  0.5   40  +238    5856 F 
  g21887/CI                                                                   +0    5856   
  g21887/CO                                    ADDFX1          1  0.5   40  +170    6026 F 
  g21883/CI                                                                   +0    6026   
  g21883/CO                                    ADDFX1          1  0.5   39  +170    6197 F 
  g21880/CI                                                                   +0    6197   
  g21880/CO                                    ADDFX1          1  0.5   39  +170    6366 F 
  g21877/CI                                                                   +0    6366   
  g21877/CO                                    ADDFX1          2  0.7   44  +173    6539 F 
  g21876/B                                                                    +0    6539   
  g21876/Y                                     NAND2X1         2  0.8   45   +45    6584 R 
  g21872/A2                                                                   +0    6584   
  g21872/Y                                     AOI31X1         1  0.3  110  +122    6706 F 
  g21869/C0                                                                   +0    6706   
  g21869/Y                                     AOI221X1        1  0.4  105  +130    6837 R 
  g21868/B0                                                                   +0    6837   
  g21868/Y                                     AOI21X1         1  0.2   72   +78    6914 F 
  g21866/D                                                                    +0    6914   
  g21866/Y                                     OR4X1           8  2.4   94  +256    7171 F 
  g21859/B                                                                    +0    7171   
  g21859/Y                                     NAND2X1         9  3.2   98  +101    7272 R 
  g22274/AN                                                                   +0    7272   
  g22274/Y                                     NOR2BX1         3  1.0   91  +140    7412 R 
  g21850/B                                                                    +0    7412   
  g21850/Y                                     NAND2X1         1  0.3   65   +88    7500 F 
  g21837/B1                                                                   +0    7500   
  g21837/Y                                     AOI22X1         4  2.2  160  +124    7625 R 
  g21816/CI                                                                   +0    7625   
  g21816/CO                                    ADDFX1          1  0.6   40  +248    7872 R 
  g21813/CI                                                                   +0    7872   
  g21813/CO                                    ADDFX1          1  0.6   39  +186    8059 R 
  g21810/CI                                                                   +0    8059   
  g21810/CO                                    ADDFX1          1  0.6   39  +186    8245 R 
  g21807/CI                                                                   +0    8245   
  g21807/CO                                    ADDFX1          1  0.6   39  +186    8431 R 
  g21804/CI                                                                   +0    8431   
  g21804/CO                                    ADDFX1          1  0.6   39  +186    8617 R 
  g21801/CI                                                                   +0    8617   
  g21801/CO                                    ADDFX1          1  0.6   39  +186    8803 R 
  g21794/CI                                                                   +0    8803   
  g21794/CO                                    ADDFX1          1  0.6   39  +186    8989 R 
  g21788/CI                                                                   +0    8989   
  g21788/CO                                    ADDFX1          1  0.4   35  +184    9172 R 
  g21787/A                                                                    +0    9172   
  g21787/Y                                     INVX1           1  0.5   27   +37    9210 F 
  g21786/CI                                                                   +0    9210   
  g21786/CO                                    ADDFX1          1  0.4   38  +163    9372 F 
  g21784/A1                                                                   +0    9372   
  g21784/Y                                     OAI211X1        2  0.8   92   +87    9460 R 
  g21778/B                                                                    +0    9460   
  g21778/Y                                     NAND2X1        11  2.7  183  +160    9620 F 
  g21771/B                                                                    +0    9620   
  g21771/Y                                     NAND2X1         3  1.0   76  +126    9746 R 
  g21760/B                                                                    +0    9746   
  g21760/Y                                     NAND2X1         1  0.3   65   +80    9827 F 
  g21747/B1                                                                   +0    9827   
  g21747/Y                                     AOI22X1         4  2.2  161  +124    9951 R 
  g21735/CI                                                                   +0    9951   
  g21735/CO                                    ADDFX1          1  0.6   40  +248   10199 R 
  g21732/CI                                                                   +0   10199   
  g21732/CO                                    ADDFX1          1  0.6   39  +186   10386 R 
  g21729/CI                                                                   +0   10386   
  g21729/CO                                    ADDFX1          1  0.6   39  +186   10572 R 
  g21726/CI                                                                   +0   10572   
  g21726/CO                                    ADDFX1          1  0.6   39  +186   10758 R 
  g21724/CI                                                                   +0   10758   
  g21724/CO                                    ADDFX1          1  0.6   39  +186   10944 R 
  g21721/CI                                                                   +0   10944   
  g21721/CO                                    ADDFX1          1  0.6   39  +186   11130 R 
  g21718/CI                                                                   +0   11130   
  g21718/CO                                    ADDFX1          1  0.6   39  +186   11316 R 
  g21715/CI                                                                   +0   11316   
  g21715/CO                                    ADDFX1          1  0.6   39  +186   11502 R 
  g21712/CI                                                                   +0   11502   
  g21712/CO                                    ADDFX1          2  0.8   43  +188   11690 R 
  g21710/B                                                                    +0   11690   
  g21710/Y                                     NAND2X1         1  0.4   59   +65   11755 F 
  g21708/A2                                                                   +0   11755   
  g21708/Y                                     AOI32X1         1  0.2   71   +96   11850 R 
  g21705/D                                                                    +0   11850   
  g21705/Y                                     OR4X1          11  4.4  107  +146   11997 R 
  g21692/A                                                                    +0   11997   
  g21692/Y                                     NAND2X1        12  4.6  280  +234   12231 F 
  g21691/A                                                                    +0   12231   
  g21691/Y                                     INVX1           2  0.8   71  +176   12406 R 
  g21690/A                                                                    +0   12406   
  g21690/Y                                     NOR2X1          3  0.9   53   +74   12481 F 
  g21674/B                                                                    +0   12481   
  g21674/Y                                     NAND2X1         1  0.4   66   +46   12527 R 
  g21650/B1                                                                   +0   12527   
  g21650/Y                                     AOI22X1         4  1.4  158  +112   12639 F 
  g21642/A                                                                    +0   12639   
  g21642/Y                                     INVX1           4  1.6   67  +116   12755 R 
  g21620/B                                                                    +0   12755   
  g21620/Y                                     NAND2X1         2  0.6   72   +84   12839 F 
  g21597/B                                                                    +0   12839   
  g21597/Y                                     OR2XL           1  0.3   28  +107   12945 F 
  g21581/B1                                                                   +0   12945   
  g21581/Y                                     AOI22X1         1  0.4   75   +59   13004 R 
  g21575/B1                                                                   +0   13004   
  g21575/Y                                     OAI222X1        1  0.3  183  +205   13209 F 
  g21573/C0                                                                   +0   13209   
  g21573/Y                                     OAI221X1        1  0.4   95  +123   13332 R 
  g21571/C0                                                                   +0   13332   
  g21571/Y                                     OAI211X1        1  0.3  125  +147   13479 F 
  g21569/C0                                                                   +0   13479   
  g21569/Y                                     OAI211X1        1  0.4   79   +90   13569 R 
  g21566/B1                                                                   +0   13569   
  g21566/Y                                     AOI221X1        1  0.3  108  +106   13675 F 
  g21563/D                                                                    +0   13675   
  g21563/Y                                     NOR4X1          1  0.4  122  +121   13796 R 
  g21562/B                                                                    +0   13796   
  g21562/Y                                     NOR2X1          1  0.4   51   +90   13887 F 
  g21559/A1                                                                   +0   13887   
  g21559/Y                                     OAI22X1         1  0.2   74   +76   13963 R 
div_59_76/QUOTIENT[0] 
g1560/AN                                                                      +0   13963   
g1560/Y                                        NOR2BX1         1  0.4   56  +114   14077 R 
csa_mux_a_mux_next_result_45_15/in_3[0] 
  g2545/A1                                                                    +0   14077   
  g2545/Y                                      AOI21X1         1  0.2   71   +86   14163 F 
  g2599/D                                                                     +0   14163   
  g2599/Y                                      NAND4XL         1  0.2   54   +64   14227 R 
  g2600/A1                                                                    +0   14227   
  g2600/Y                                      AO22X1          3  1.4   51  +210   14437 R 
csa_mux_a_mux_next_result_45_15/z[0] 
final_adder_mux_next_result_45_15_g701/B                                      +0   14437   
final_adder_mux_next_result_45_15_g701/CO      ADDHX1          1  0.6   28  +134   14571 R 
final_adder_mux_next_result_45_15_g700/CI                                     +0   14571   
final_adder_mux_next_result_45_15_g700/CO      ADDFX1          1  0.6   39  +181   14752 R 
final_adder_mux_next_result_45_15_g699/CI                                     +0   14752   
final_adder_mux_next_result_45_15_g699/CO      ADDFX1          1  0.6   39  +186   14938 R 
final_adder_mux_next_result_45_15_g698/CI                                     +0   14938   
final_adder_mux_next_result_45_15_g698/CO      ADDFX1          1  0.6   39  +186   15124 R 
final_adder_mux_next_result_45_15_g697/CI                                     +0   15124   
final_adder_mux_next_result_45_15_g697/CO      ADDFX1          1  0.6   39  +186   15310 R 
final_adder_mux_next_result_45_15_g696/CI                                     +0   15310   
final_adder_mux_next_result_45_15_g696/CO      ADDFX1          1  0.6   39  +186   15496 R 
final_adder_mux_next_result_45_15_g695/CI                                     +0   15496   
final_adder_mux_next_result_45_15_g695/CO      ADDFX1          1  0.6   39  +186   15682 R 
final_adder_mux_next_result_45_15_g694/CI                                     +0   15682   
final_adder_mux_next_result_45_15_g694/CO      ADDFX1          1  0.6   39  +186   15868 R 
final_adder_mux_next_result_45_15_g693/CI                                     +0   15868   
final_adder_mux_next_result_45_15_g693/CO      ADDFX1          1  0.6   39  +186   16054 R 
final_adder_mux_next_result_45_15_g692/CI                                     +0   16054   
final_adder_mux_next_result_45_15_g692/CO      ADDFX1          1  0.6   39  +186   16240 R 
final_adder_mux_next_result_45_15_g691/CI                                     +0   16240   
final_adder_mux_next_result_45_15_g691/CO      ADDFX1          1  0.6   39  +186   16426 R 
final_adder_mux_next_result_45_15_g690/CI                                     +0   16426   
final_adder_mux_next_result_45_15_g690/CO      ADDFX1          1  0.6   39  +186   16612 R 
final_adder_mux_next_result_45_15_g689/CI                                     +0   16612   
final_adder_mux_next_result_45_15_g689/CO      ADDFX1          1  0.6   39  +186   16798 R 
final_adder_mux_next_result_45_15_g688/CI                                     +0   16798   
final_adder_mux_next_result_45_15_g688/CO      ADDFX1          1  0.6   39  +186   16984 R 
final_adder_mux_next_result_45_15_g687/CI                                     +0   16984   
final_adder_mux_next_result_45_15_g687/CO      ADDFX1          1  0.4   35  +184   17168 R 
final_adder_mux_next_result_45_15_g703/B                                      +0   17168   
final_adder_mux_next_result_45_15_g703/Y       XNOR2X1         1  0.2   22  +123   17290 R 
g3032/B                                                                       +0   17290   
g3032/Y                                        MX2XL           1  0.3   25  +141   17431 R 
result_reg[15]/D                          <<<  DFFRHQX1                       +0   17431   
result_reg[15]/CK                              setup                     0  +121   17552 R 
- - - - - - - - - - - - - - - - - - - - - - - - - - - - - - - - - - - - - - - - - - - - - -
(clock func_clk)                               capture                             20000 R 
-------------------------------------------------------------------------------------------
Cost Group   : 'func_clk' (path_group 'func_clk')
Timing slack :    2448ps 
Start-point  : gated_operandB_reg[0]/CK
End-point    : result_reg[15]/D