============================================================
  Generated by:           Genus(TM) Synthesis Solution 16.13-s036_1
  Generated on:           Mar 10 2026  09:29:55 pm
  Module:                 ngated
  Technology library:     slow_vdd1v0 1.0
  Operating conditions:   PVT_0P9V_125C (balanced_tree)
  Wireload mode:          enclosed
  Area mode:              timing library
============================================================

         Pin                  Type      Fanout Load Slew Delay Arrival   
                                               (fF) (ps)  (ps)   (ps)    
-------------------------------------------------------------------------
(clock func_clk)             launch                                  0 R 
(test.sdc_line_26_29_1)      ext delay                    +400     400 F 
B[2]                         in port        27 13.6    0    +0     400 F 
div_41_50/B[2] 
  g21708/A                                                  +0     400   
  g21708/Y                   NOR2X1          4  1.2   77   +61     461 R 
  g21585/AN                                                 +0     461   
  g21585/Y                   NAND2BX1        2  0.8   39   +98     559 R 
  g21574/A1                                                 +0     559   
  g21574/Y                   OAI211X1        2  0.7  154  +137     696 F 
  g21567/B                                                  +0     696   
  g21567/Y                   NAND2BX1        2  0.8   55  +108     804 R 
  g21560/A1                                                 +0     804   
  g21560/Y                   OAI22X1         2  0.7  112  +118     923 F 
  g21549/B                                                  +0     923   
  g21549/Y                   NAND2X1         2  0.8   48   +84    1007 R 
  g21542/A1                                                 +0    1007   
  g21542/Y                   OAI211X1        2  0.7  154  +142    1148 F 
  g21534/B                                                  +0    1148   
  g21534/Y                   NAND2BX1        2  0.6   51  +106    1254 R 
  g21527/A1                                                 +0    1254   
  g21527/Y                   OA22X1          3  1.2   45  +192    1446 R 
  g21518/A1                                                 +0    1446   
  g21518/Y                   OAI211X1        2  0.7  154  +140    1586 F 
  g21515/B                                                  +0    1586   
  g21515/Y                   NAND2BX1        2  0.8   55  +108    1694 R 
  g21511/A1                                                 +0    1694   
  g21511/Y                   OAI221X1        1  0.5  162  +175    1869 F 
  g21508/B                                                  +0    1869   
  g21508/S                   ADDHX1          4  1.0   43  +177    2046 F 
  g21506/AN                                                 +0    2046   
  g21506/Y                   NAND4BX1        2  0.4  171  +214    2260 F 
  g21505/AN                                                 +0    2260   
  g21505/Y                   NAND2BX1        2  0.4   64  +153    2413 F 
  g21504/AN                                                 +0    2413   
  g21504/Y                   NAND3BXL        2  0.5  155  +179    2592 F 
  g21503/C                                                  +0    2592   
  g21503/Y                   OR3XL           3  0.9   59  +199    2791 F 
  g21499/B                                                  +0    2791   
  g21499/Y                   NAND2X1         3  1.0   55   +56    2847 R 
  g21492/A1                                                 +0    2847   
  g21492/Y                   AOI22X1         4  1.8  178  +154    3001 F 
  g21480/CI                                                 +0    3001   
  g21480/CO                  ADDFX1          1  0.5   40  +235    3235 F 
  g21475/CI                                                 +0    3235   
  g21475/CO                  ADDFX1          1  0.5   40  +170    3406 F 
  g21469/CI                                                 +0    3406   
  g21469/CO                  ADDFX1          1  0.4   38  +169    3574 F 
  g21468/B0                                                 +0    3574   
  g21468/Y                   OAI2BB1X1       1  0.4   30   +41    3615 R 
  g21467/C0                                                 +0    3615   
  g21467/Y                   OAI211X1        3  1.0  178  +146    3762 F 
  g21462/A                                                  +0    3762   
  g21462/Y                   NOR2X1          2  0.8   76  +142    3904 R 
  g21461/A                                                  +0    3904   
  g21461/Y                   INVX1           4  1.1   50   +70    3974 F 
  g21457/B                                                  +0    3974   
  g21457/Y                   NAND2X1         3  1.0   62   +51    4025 R 
  g21446/A1                                                 +0    4025   
  g21446/Y                   AOI22X1         4  1.9  183  +161    4185 F 
  g21426/CI                                                 +0    4185   
  g21426/CO                  ADDFX1          1  0.5   40  +238    4423 F 
  g21424/CI                                                 +0    4423   
  g21424/CO                  ADDFX1          1  0.5   40  +170    4593 F 
  g21412/CI                                                 +0    4593   
  g21412/CO                  ADDFX1          1  0.5   39  +170    4763 F 
  g21406/CI                                                 +0    4763   
  g21406/CO                  ADDFX1          1  0.5   39  +170    4933 F 
  g21402/CI                                                 +0    4933   
  g21402/CO                  ADDFX1          1  0.4   37  +168    5102 F 
  g21401/B1                                                 +0    5102   
  g21401/Y                   AOI221X1        7  2.8  262  +209    5310 R 
  g21400/A                                                  +0    5310   
  g21400/Y                   INVX1           3  1.0   81  +180    5491 F 
  g21741/B                                                  +0    5491   
  g21741/Y                   NOR2BX1         3  1.0   77   +89    5580 R 
  g21379/A1                                                 +0    5580   
  g21379/Y                   AOI22X1         4  1.8  179  +166    5746 F 
  g21368/CI                                                 +0    5746   
  g21368/CO                  ADDFX1          1  0.5   40  +235    5981 F 
  g21366/CI                                                 +0    5981   
  g21366/CO                  ADDFX1          1  0.5   40  +170    6151 F 
  g21363/CI                                                 +0    6151   
  g21363/CO                  ADDFX1          1  0.5   39  +170    6322 F 
  g21360/CI                                                 +0    6322   
  g21360/CO                  ADDFX1          1  0.5   39  +170    6491 F 
  g21357/CI                                                 +0    6491   
  g21357/CO                  ADDFX1          1  0.5   39  +170    6661 F 
  g21351/CI                                                 +0    6661   
  g21351/CO                  ADDFX1          2  0.7   44  +173    6834 F 
  g21349/B                                                  +0    6834   
  g21349/Y                   NAND2X1         2  0.8   46   +45    6879 R 
  g21342/A2                                                 +0    6879   
  g21342/Y                   AOI31X1         1  0.4  118  +127    7006 F 
  g21337/A                                                  +0    7006   
  g21337/Y                   NOR2X1         10  4.0  205  +193    7199 R 
  g21332/B                                                  +0    7199   
  g21332/Y                   NAND2BX1        9  3.4  231  +244    7443 F 
  g21328/B                                                  +0    7443   
  g21328/Y                   NAND2X1         3  1.0   72  +154    7597 R 
  g21320/B                                                  +0    7597   
  g21320/Y                   NAND2X1         1  0.3   57   +78    7674 F 
  g21310/B1                                                 +0    7674   
  g21310/Y                   AOI22X1         4  2.2  149  +120    7794 R 
  g21291/CI                                                 +0    7794   
  g21291/CO                  ADDFX1          1  0.6   39  +242    8036 R 
  g21289/CI                                                 +0    8036   
  g21289/CO                  ADDFX1          1  0.6   39  +186    8223 R 
  g21286/CI                                                 +0    8223   
  g21286/CO                  ADDFX1          1  0.6   39  +186    8409 R 
  g21283/CI                                                 +0    8409   
  g21283/CO                  ADDFX1          1  0.6   39  +186    8595 R 
  g21280/CI                                                 +0    8595   
  g21280/CO                  ADDFX1          1  0.6   39  +186    8781 R 
  g21277/CI                                                 +0    8781   
  g21277/CO                  ADDFX1          1  0.6   39  +186    8967 R 
  g21271/CI                                                 +0    8967   
  g21271/CO                  ADDFX1          1  0.6   39  +186    9153 R 
  g21267/CI                                                 +0    9153   
  g21267/CO                  ADDFX1          2  0.8   43  +188    9341 R 
  g21264/B                                                  +0    9341   
  g21264/Y                   NAND2X1         2  0.5   65   +68    9408 F 
  g21261/C                                                  +0    9408   
  g21261/Y                   NAND3BXL        1  0.4   49   +61    9470 R 
  g21255/A1                                                 +0    9470   
  g21255/Y                   AOI221X1        3  0.7  130  +130    9600 F 
  g21253/AN                                                 +0    9600   
  g21253/Y                   NAND2BX1       11  3.1  206  +216    9816 F 
  g21250/B                                                  +0    9816   
  g21250/Y                   NAND2X1         3  1.0   68  +140    9956 R 
  g21236/B                                                  +0    9956   
  g21236/Y                   NAND2X1         1  0.3   56   +76   10032 F 
  g21223/B1                                                 +0   10032   
  g21223/Y                   AOI22X1         4  2.2  149  +119   10151 R 
  g21209/CI                                                 +0   10151   
  g21209/CO                  ADDFX1          1  0.6   39  +242   10393 R 
  g21206/CI                                                 +0   10393   
  g21206/CO                  ADDFX1          1  0.6   39  +186   10579 R 
  g21203/CI                                                 +0   10579   
  g21203/CO                  ADDFX1          1  0.6   39  +186   10765 R 
  g21200/CI                                                 +0   10765   
  g21200/CO                  ADDFX1          1  0.6   39  +186   10951 R 
  g21197/CI                                                 +0   10951   
  g21197/CO                  ADDFX1          1  0.6   39  +186   11137 R 
  g21194/CI                                                 +0   11137   
  g21194/CO                  ADDFX1          1  0.6   39  +186   11323 R 
  g21191/CI                                                 +0   11323   
  g21191/CO                  ADDFX1          1  0.6   39  +186   11509 R 
  g21188/CI                                                 +0   11509   
  g21188/CO                  ADDFX1          1  0.6   39  +186   11695 R 
  g21186/CI                                                 +0   11695   
  g21186/CO                  ADDFX1          1  0.6   39  +186   11881 R 
  g21180/CI                                                 +0   11881   
  g21180/CO                  ADDFX1          2  0.8   43  +188   12070 R 
  g21176/B                                                  +0   12070   
  g21176/Y                   NAND2X1         2  0.7   75   +74   12143 F 
  g21172/B                                                  +0   12143   
  g21172/Y                   NAND2X1         1  0.2   37   +56   12199 R 
  g21168/A1N                                                +0   12199   
  g21168/Y                   OAI2BB1X1       1  0.4   31  +128   12327 R 
  g21166/B                                                  +0   12327   
  g21166/Y                   NOR2X1         11  3.8  123   +81   12409 F 
  g21165/A                                                  +0   12409   
  g21165/Y                   INVX1           4  1.4   57   +94   12503 R 
  g21161/A                                                  +0   12503   
  g21161/Y                   OR2X1          13  4.0   95  +135   12637 R 
  g21156/B                                                  +0   12637   
  g21156/Y                   NAND2X1         3  0.9   90  +108   12746 F 
  g21144/B                                                  +0   12746   
  g21144/Y                   NAND2X1         1  0.4   36   +67   12813 R 
  g21120/B1                                                 +0   12813   
  g21120/Y                   AOI22X1         5  1.7  173  +104   12917 F 
  g21111/A                                                  +0   12917   
  g21111/Y                   INVX1           4  1.6   69  +125   13041 R 
  g21078/B                                                  +0   13041   
  g21078/Y                   NAND2X1         1  0.4   62   +79   13120 F 
  g21054/A1                                                 +0   13120   
  g21054/Y                   AOI22X1         1  0.4   74   +97   13218 R 
  g21043/B1                                                 +0   13218   
  g21043/Y                   OAI222X1        1  0.4  191  +209   13427 F 
  g21038/A1                                                 +0   13427   
  g21038/Y                   OAI221X1        1  0.4  109  +168   13595 R 
  g21035/C0                                                 +0   13595   
  g21035/Y                   OAI211X1        1  0.3  125  +154   13748 F 
  g21033/C0                                                 +0   13748   
  g21033/Y                   OAI211X1        1  0.4   80   +90   13838 R 
  g21030/B                                                  +0   13838   
  g21030/Y                   NAND2X1         1  0.3   58   +82   13921 F 
  g21029/C0                                                 +0   13921   
  g21029/Y                   OAI221X1        1  0.2   91   +49   13970 R 
  g21027/D                                                  +0   13970   
  g21027/Y                   NAND4XL         1  0.3  198  +176   14145 F 
  g21026/C0                                                 +0   14145   
  g21026/Y                   OAI211X1        1  0.4   81  +132   14277 R 
  g21025/B                                                  +0   14277   
  g21025/Y                   NAND2BX1        1  0.4   64   +86   14364 F 
  g21024/B0                                                 +0   14364   
  g21024/Y                   OAI2BB1X1       1  0.2   30   +53   14417 R 
div_41_50/QUOTIENT[0] 
g3291/AN                                                    +0   14417   
g3291/Y                      NOR2BX1         1  0.4   56   +92   14509 R 
csa_mux_a_mux_next_result_27_15/in_3[0] 
  g2518/A1                                                  +0   14509   
  g2518/Y                    AOI21X1         1  0.2   71   +86   14595 F 
  g2455/D                                                   +0   14595   
  g2455/Y                    NAND4XL         1  0.2   54   +64   14659 R 
  g2433/A1                                                  +0   14659   
  g2433/Y                    AO22X1          3  1.4   51  +210   14869 R 
csa_mux_a_mux_next_result_27_15/z[0] 
final_adder_mux_next_result_27_15/A[0] 
  g701/B                                                    +0   14869   
  g701/CO                    ADDHX1          1  0.6   28  +134   15003 R 
  g700/CI                                                   +0   15003   
  g700/CO                    ADDFX1          1  0.6   39  +181   15184 R 
  g699/CI                                                   +0   15184   
  g699/CO                    ADDFX1          1  0.6   39  +186   15370 R 
  g698/CI                                                   +0   15370   
  g698/CO                    ADDFX1          1  0.6   39  +186   15556 R 
  g697/CI                                                   +0   15556   
  g697/CO                    ADDFX1          1  0.6   39  +186   15742 R 
  g696/CI                                                   +0   15742   
  g696/CO                    ADDFX1          1  0.6   39  +186   15928 R 
  g695/CI                                                   +0   15928   
  g695/CO                    ADDFX1          1  0.6   39  +186   16114 R 
  g694/CI                                                   +0   16114   
  g694/CO                    ADDFX1          1  0.6   39  +186   16300 R 
  g693/CI                                                   +0   16300   
  g693/CO                    ADDFX1          1  0.6   39  +186   16486 R 
  g692/CI                                                   +0   16486   
  g692/CO                    ADDFX1          1  0.6   39  +186   16672 R 
  g691/CI                                                   +0   16672   
  g691/CO                    ADDFX1          1  0.6   39  +186   16858 R 
  g690/CI                                                   +0   16858   
  g690/CO                    ADDFX1          1  0.6   39  +186   17044 R 
  g689/CI                                                   +0   17044   
  g689/CO                    ADDFX1          1  0.6   39  +186   17230 R 
  g688/CI                                                   +0   17230   
  g688/CO                    ADDFX1          1  0.6   39  +186   17416 R 
  g687/CI                                                   +0   17416   
  g687/CO                    ADDFX1          1  0.4   35  +184   17600 R 
  g686/B                                                    +0   17600   
  g686/Y                     XNOR2X1         1  0.3   24  +124   17724 R 
final_adder_mux_next_result_27_15/Z[15] 
result_reg[15]/D        <<<  DFFRHQX1                       +0   17724   
result_reg[15]/CK            setup                     0  +120   17844 R 
- - - - - - - - - - - - - - - - - - - - - - - - - - - - - - - - - - - - -
(clock func_clk)             capture                             20000 R 
-------------------------------------------------------------------------
Cost Group   : 'func_clk' (path_group 'func_clk')
Timing slack :    2156ps 
Start-point  : B[2]
End-point    : result_reg[15]/D